2016/03/31 22:11:27 [error] [exception.CHttpException.404] exception 'CHttpException' with message 'The system is unable to find the requested action "recepcionista".' in D:\xampp\htdocs\yii\framework\web\CController.php:483
Stack trace:
#0 D:\xampp\htdocs\yii\framework\web\CController.php(270): CController->missingAction('recepcionista')
#1 D:\xampp\htdocs\yii\framework\web\CWebApplication.php(282): CController->run('recepcionista')
#2 D:\xampp\htdocs\yii\framework\web\CWebApplication.php(141): CWebApplication->runController('site/recepcioni...')
#3 D:\xampp\htdocs\yii\framework\base\CApplication.php(185): CWebApplication->processRequest()
#4 D:\xampp\htdocs\hotel\index.php(13): CApplication->run()
#5 {main}
REQUEST_URI=/hotel/index.php?r=site/recepcionista
---
2016/04/01 19:57:57 [error] [exception.CException] exception 'CException' with message 'Alias "application.extensions.mbmenu.MbMenu" is invalid. Make sure it points to an existing PHP file and the file is readable.' in D:\xampp\htdocs\yii\framework\YiiBase.php:323
Stack trace:
#0 D:\xampp\htdocs\yii\framework\web\CWidgetFactory.php(146): YiiBase::import('application.ext...', true)
#1 D:\xampp\htdocs\yii\framework\web\CBaseController.php(146): CWidgetFactory->createWidget(Object(SiteController), 'application.ext...', Array)
#2 D:\xampp\htdocs\yii\framework\web\CBaseController.php(180): CBaseController->createWidget('application.ext...', Array)
#3 D:\xampp\htdocs\hotel\protected\views\layouts\main.php(88): CBaseController->widget('application.ext...', Array)
#4 D:\xampp\htdocs\yii\framework\web\CBaseController.php(126): require('D:\\xampp\\htdocs...')
#5 D:\xampp\htdocs\yii\framework\web\CBaseController.php(95): CBaseController->renderInternal('D:\\xampp\\htdocs...', Array, true)
#6 D:\xampp\htdocs\yii\framework\web\widgets\CContentDecorator.php(76): CBaseController->renderFile('D:\\xampp\\htdocs...', Array, true)
#7 D:\xampp\htdocs\yii\framework\web\widgets\CContentDecorator.php(54): CContentDecorator->decorate('<div id="conten...')
#8 D:\xampp\htdocs\yii\framework\web\widgets\COutputProcessor.php(44): CContentDecorator->processOutput('<div id="conten...')
#9 D:\xampp\htdocs\yii\framework\web\CBaseController.php(214): COutputProcessor->run()
#10 D:\xampp\htdocs\yii\framework\web\CBaseController.php(308): CBaseController->endWidget('CContentDecorat...')
#11 D:\xampp\htdocs\hotel\protected\views\layouts\column1.php(6): CBaseController->endContent()
#12 D:\xampp\htdocs\yii\framework\web\CBaseController.php(126): require('D:\\xampp\\htdocs...')
#13 D:\xampp\htdocs\yii\framework\web\CBaseController.php(95): CBaseController->renderInternal('D:\\xampp\\htdocs...', Array, true)
#14 D:\xampp\htdocs\yii\framework\web\CController.php(784): CBaseController->renderFile('D:\\xampp\\htdocs...', Array, true)
#15 D:\xampp\htdocs\hotel\protected\controllers\SiteController.php(98): CController->render('login', Array)
#16 D:\xampp\htdocs\yii\framework\web\actions\CInlineAction.php(49): SiteController->actionLogin()
#17 D:\xampp\htdocs\yii\framework\web\CController.php(308): CInlineAction->runWithParams(Array)
#18 D:\xampp\htdocs\yii\framework\web\CController.php(286): CController->runAction(Object(CInlineAction))
#19 D:\xampp\htdocs\yii\framework\web\CController.php(265): CController->runActionWithFilters(Object(CInlineAction), Array)
#20 D:\xampp\htdocs\yii\framework\web\CWebApplication.php(282): CController->run('login')
#21 D:\xampp\htdocs\yii\framework\web\CWebApplication.php(141): CWebApplication->runController('')
#22 D:\xampp\htdocs\yii\framework\base\CApplication.php(185): CWebApplication->processRequest()
#23 D:\xampp\htdocs\hotel\index.php(13): CApplication->run()
#24 {main}
REQUEST_URI=/hotel/index.php
HTTP_REFERER=http://localhost/hotel/
---
2016/04/01 20:03:50 [error] [exception.CHttpException.404] exception 'CHttpException' with message 'Unable to resolve the request "usuario/create".' in D:\xampp\htdocs\yii\framework\web\CWebApplication.php:286
Stack trace:
#0 D:\xampp\htdocs\yii\framework\web\CWebApplication.php(141): CWebApplication->runController('usuario/create')
#1 D:\xampp\htdocs\yii\framework\base\CApplication.php(185): CWebApplication->processRequest()
#2 D:\xampp\htdocs\hotel\index.php(13): CApplication->run()
#3 {main}
REQUEST_URI=/hotel/index.php?r=usuario/create
HTTP_REFERER=http://localhost/hotel/index.php
---
2016/04/01 21:11:28 [error] [exception.CHttpException.403] exception 'CHttpException' with message 'Usted no se encuentra autorizado a realizar esta acción.' in D:\xampp\htdocs\yii\framework\web\auth\CAccessControlFilter.php:182
Stack trace:
#0 D:\xampp\htdocs\yii\framework\web\auth\CAccessControlFilter.php(145): CAccessControlFilter->accessDenied(Object(CWebUser), 'Usted no se enc...')
#1 D:\xampp\htdocs\yii\framework\web\filters\CFilter.php(38): CAccessControlFilter->preFilter(Object(CFilterChain))
#2 D:\xampp\htdocs\yii\framework\web\CController.php(1145): CFilter->filter(Object(CFilterChain))
#3 D:\xampp\htdocs\yii\framework\web\filters\CInlineFilter.php(58): CController->filterAccessControl(Object(CFilterChain))
#4 D:\xampp\htdocs\yii\framework\web\filters\CFilterChain.php(130): CInlineFilter->filter(Object(CFilterChain))
#5 D:\xampp\htdocs\yii\framework\web\CController.php(291): CFilterChain->run()
#6 D:\xampp\htdocs\yii\framework\web\CController.php(265): CController->runActionWithFilters(Object(CInlineAction), Array)
#7 D:\xampp\htdocs\yii\framework\web\CWebApplication.php(282): CController->run('admin')
#8 D:\xampp\htdocs\yii\framework\web\CWebApplication.php(141): CWebApplication->runController('reserva/admin')
#9 D:\xampp\htdocs\yii\framework\base\CApplication.php(185): CWebApplication->processRequest()
#10 D:\xampp\htdocs\hotel\index.php(13): CApplication->run()
#11 {main}
REQUEST_URI=/hotel/index.php?r=reserva/admin
HTTP_REFERER=http://localhost/hotel/index.php?r=reserva/index
---
2016/04/01 21:11:55 [error] [exception.CHttpException.403] exception 'CHttpException' with message 'Usted no se encuentra autorizado a realizar esta acción.' in D:\xampp\htdocs\yii\framework\web\auth\CAccessControlFilter.php:182
Stack trace:
#0 D:\xampp\htdocs\yii\framework\web\auth\CAccessControlFilter.php(145): CAccessControlFilter->accessDenied(Object(CWebUser), 'Usted no se enc...')
#1 D:\xampp\htdocs\yii\framework\web\filters\CFilter.php(38): CAccessControlFilter->preFilter(Object(CFilterChain))
#2 D:\xampp\htdocs\yii\framework\web\CController.php(1145): CFilter->filter(Object(CFilterChain))
#3 D:\xampp\htdocs\yii\framework\web\filters\CInlineFilter.php(58): CController->filterAccessControl(Object(CFilterChain))
#4 D:\xampp\htdocs\yii\framework\web\filters\CFilterChain.php(130): CInlineFilter->filter(Object(CFilterChain))
#5 D:\xampp\htdocs\yii\framework\web\CController.php(291): CFilterChain->run()
#6 D:\xampp\htdocs\yii\framework\web\CController.php(265): CController->runActionWithFilters(Object(CInlineAction), Array)
#7 D:\xampp\htdocs\yii\framework\web\CWebApplication.php(282): CController->run('admin')
#8 D:\xampp\htdocs\yii\framework\web\CWebApplication.php(141): CWebApplication->runController('recepcionista/a...')
#9 D:\xampp\htdocs\yii\framework\base\CApplication.php(185): CWebApplication->processRequest()
#10 D:\xampp\htdocs\hotel\index.php(13): CApplication->run()
#11 {main}
REQUEST_URI=/hotel/index.php?r=recepcionista/admin
HTTP_REFERER=http://localhost/hotel/index.php?r=recepcionista/create
---
2016/04/01 21:11:58 [error] [exception.CHttpException.403] exception 'CHttpException' with message 'Usted no se encuentra autorizado a realizar esta acción.' in D:\xampp\htdocs\yii\framework\web\auth\CAccessControlFilter.php:182
Stack trace:
#0 D:\xampp\htdocs\yii\framework\web\auth\CAccessControlFilter.php(145): CAccessControlFilter->accessDenied(Object(CWebUser), 'Usted no se enc...')
#1 D:\xampp\htdocs\yii\framework\web\filters\CFilter.php(38): CAccessControlFilter->preFilter(Object(CFilterChain))
#2 D:\xampp\htdocs\yii\framework\web\CController.php(1145): CFilter->filter(Object(CFilterChain))
#3 D:\xampp\htdocs\yii\framework\web\filters\CInlineFilter.php(58): CController->filterAccessControl(Object(CFilterChain))
#4 D:\xampp\htdocs\yii\framework\web\filters\CFilterChain.php(130): CInlineFilter->filter(Object(CFilterChain))
#5 D:\xampp\htdocs\yii\framework\web\CController.php(291): CFilterChain->run()
#6 D:\xampp\htdocs\yii\framework\web\CController.php(265): CController->runActionWithFilters(Object(CInlineAction), Array)
#7 D:\xampp\htdocs\yii\framework\web\CWebApplication.php(282): CController->run('admin')
#8 D:\xampp\htdocs\yii\framework\web\CWebApplication.php(141): CWebApplication->runController('recepcionista/a...')
#9 D:\xampp\htdocs\yii\framework\base\CApplication.php(185): CWebApplication->processRequest()
#10 D:\xampp\htdocs\hotel\index.php(13): CApplication->run()
#11 {main}
REQUEST_URI=/hotel/index.php?r=recepcionista/admin
HTTP_REFERER=http://localhost/hotel/index.php?r=recepcionista/index
---
2016/04/01 21:35:40 [error] [exception.CHttpException.404] exception 'CHttpException' with message 'No es posible resolver la solicitud "company/storeLocator"' in D:\xampp\htdocs\yii\framework\web\CWebApplication.php:286
Stack trace:
#0 D:\xampp\htdocs\yii\framework\web\CWebApplication.php(141): CWebApplication->runController('company/storeLo...')
#1 D:\xampp\htdocs\yii\framework\base\CApplication.php(185): CWebApplication->processRequest()
#2 D:\xampp\htdocs\hotel\index.php(13): CApplication->run()
#3 {main}
REQUEST_URI=/hotel/index.php?r=company/storeLocator
HTTP_REFERER=http://localhost/hotel/index.php?r=recepcionista/create
---
2016/04/01 21:52:04 [error] [exception.CHttpException.403] exception 'CHttpException' with message 'Usted no se encuentra autorizado a realizar esta acción.' in D:\xampp\htdocs\yii\framework\web\auth\CAccessControlFilter.php:182
Stack trace:
#0 D:\xampp\htdocs\yii\framework\web\auth\CAccessControlFilter.php(145): CAccessControlFilter->accessDenied(Object(CWebUser), 'Usted no se enc...')
#1 D:\xampp\htdocs\yii\framework\web\filters\CFilter.php(38): CAccessControlFilter->preFilter(Object(CFilterChain))
#2 D:\xampp\htdocs\yii\framework\web\CController.php(1145): CFilter->filter(Object(CFilterChain))
#3 D:\xampp\htdocs\yii\framework\web\filters\CInlineFilter.php(58): CController->filterAccessControl(Object(CFilterChain))
#4 D:\xampp\htdocs\yii\framework\web\filters\CFilterChain.php(130): CInlineFilter->filter(Object(CFilterChain))
#5 D:\xampp\htdocs\yii\framework\web\CController.php(291): CFilterChain->run()
#6 D:\xampp\htdocs\yii\framework\web\CController.php(265): CController->runActionWithFilters(Object(CInlineAction), Array)
#7 D:\xampp\htdocs\yii\framework\web\CWebApplication.php(282): CController->run('admin')
#8 D:\xampp\htdocs\yii\framework\web\CWebApplication.php(141): CWebApplication->runController('recepcionista/a...')
#9 D:\xampp\htdocs\yii\framework\base\CApplication.php(185): CWebApplication->processRequest()
#10 D:\xampp\htdocs\hotel\index.php(13): CApplication->run()
#11 {main}
REQUEST_URI=/hotel/index.php?r=recepcionista/admin
HTTP_REFERER=http://localhost/hotel/index.php?r=recepcionista/index
---
2016/04/01 22:16:00 [error] [exception.CHttpException.404] exception 'CHttpException' with message 'El sistema no ha podido encontrar la acción "anot" solicitada.' in D:\xampp\htdocs\yii\framework\web\CController.php:483
Stack trace:
#0 D:\xampp\htdocs\yii\framework\web\CController.php(270): CController->missingAction('anot')
#1 D:\xampp\htdocs\yii\framework\web\CWebApplication.php(282): CController->run('anot')
#2 D:\xampp\htdocs\yii\framework\web\CWebApplication.php(141): CWebApplication->runController('site/anot')
#3 D:\xampp\htdocs\yii\framework\base\CApplication.php(185): CWebApplication->processRequest()
#4 D:\xampp\htdocs\hotel\index.php(13): CApplication->run()
#5 {main}
REQUEST_URI=/hotel/index.php?r=site/anot&id=21
HTTP_REFERER=http://localhost/hotel/index.php?r=huesped/index
---
2016/04/01 22:19:43 [error] [exception.CHttpException.404] exception 'CHttpException' with message 'El sistema no ha podido encontrar la acción "anot" solicitada.' in D:\xampp\htdocs\yii\framework\web\CController.php:483
Stack trace:
#0 D:\xampp\htdocs\yii\framework\web\CController.php(270): CController->missingAction('anot')
#1 D:\xampp\htdocs\yii\framework\web\CWebApplication.php(282): CController->run('anot')
#2 D:\xampp\htdocs\yii\framework\web\CWebApplication.php(141): CWebApplication->runController('site/anot')
#3 D:\xampp\htdocs\yii\framework\base\CApplication.php(185): CWebApplication->processRequest()
#4 D:\xampp\htdocs\hotel\index.php(13): CApplication->run()
#5 {main}
REQUEST_URI=/hotel/index.php?r=site/anot&id=21
HTTP_REFERER=http://localhost/hotel/index.php?r=huesped/index
---
2016/04/01 22:21:01 [error] [exception.CHttpException.404] exception 'CHttpException' with message 'El sistema no ha podido encontrar la acción "anot" solicitada.' in D:\xampp\htdocs\yii\framework\web\CController.php:483
Stack trace:
#0 D:\xampp\htdocs\yii\framework\web\CController.php(270): CController->missingAction('anot')
#1 D:\xampp\htdocs\yii\framework\web\CWebApplication.php(282): CController->run('anot')
#2 D:\xampp\htdocs\yii\framework\web\CWebApplication.php(141): CWebApplication->runController('site/anot')
#3 D:\xampp\htdocs\yii\framework\base\CApplication.php(185): CWebApplication->processRequest()
#4 D:\xampp\htdocs\hotel\index.php(13): CApplication->run()
#5 {main}
REQUEST_URI=/hotel/index.php?r=site/anot&id=21
HTTP_REFERER=http://localhost/hotel/index.php?r=site/page&view=about
---
2016/04/01 22:23:36 [error] [exception.CHttpException.403] exception 'CHttpException' with message 'Usted no se encuentra autorizado a realizar esta acción.' in D:\xampp\htdocs\yii\framework\web\auth\CAccessControlFilter.php:182
Stack trace:
#0 D:\xampp\htdocs\yii\framework\web\auth\CAccessControlFilter.php(145): CAccessControlFilter->accessDenied(Object(CWebUser), 'Usted no se enc...')
#1 D:\xampp\htdocs\yii\framework\web\filters\CFilter.php(38): CAccessControlFilter->preFilter(Object(CFilterChain))
#2 D:\xampp\htdocs\yii\framework\web\CController.php(1145): CFilter->filter(Object(CFilterChain))
#3 D:\xampp\htdocs\yii\framework\web\filters\CInlineFilter.php(58): CController->filterAccessControl(Object(CFilterChain))
#4 D:\xampp\htdocs\yii\framework\web\filters\CFilterChain.php(130): CInlineFilter->filter(Object(CFilterChain))
#5 D:\xampp\htdocs\yii\framework\web\CController.php(291): CFilterChain->run()
#6 D:\xampp\htdocs\yii\framework\web\CController.php(265): CController->runActionWithFilters(Object(CInlineAction), Array)
#7 D:\xampp\htdocs\yii\framework\web\CWebApplication.php(282): CController->run('admin')
#8 D:\xampp\htdocs\yii\framework\web\CWebApplication.php(141): CWebApplication->runController('huesped/admin')
#9 D:\xampp\htdocs\yii\framework\base\CApplication.php(185): CWebApplication->processRequest()
#10 D:\xampp\htdocs\hotel\index.php(13): CApplication->run()
#11 {main}
REQUEST_URI=/hotel/index.php?r=huesped/admin
HTTP_REFERER=http://localhost/hotel/index.php?r=huesped/index
---
2016/04/01 22:31:57 [error] [exception.CHttpException.403] exception 'CHttpException' with message 'Usted no se encuentra autorizado a realizar esta acción.' in D:\xampp\htdocs\yii\framework\web\auth\CAccessControlFilter.php:182
Stack trace:
#0 D:\xampp\htdocs\yii\framework\web\auth\CAccessControlFilter.php(145): CAccessControlFilter->accessDenied(Object(CWebUser), 'Usted no se enc...')
#1 D:\xampp\htdocs\yii\framework\web\filters\CFilter.php(38): CAccessControlFilter->preFilter(Object(CFilterChain))
#2 D:\xampp\htdocs\yii\framework\web\CController.php(1145): CFilter->filter(Object(CFilterChain))
#3 D:\xampp\htdocs\yii\framework\web\filters\CInlineFilter.php(58): CController->filterAccessControl(Object(CFilterChain))
#4 D:\xampp\htdocs\yii\framework\web\filters\CFilterChain.php(130): CInlineFilter->filter(Object(CFilterChain))
#5 D:\xampp\htdocs\yii\framework\web\CController.php(291): CFilterChain->run()
#6 D:\xampp\htdocs\yii\framework\web\CController.php(265): CController->runActionWithFilters(Object(CInlineAction), Array)
#7 D:\xampp\htdocs\yii\framework\web\CWebApplication.php(282): CController->run('admin')
#8 D:\xampp\htdocs\yii\framework\web\CWebApplication.php(141): CWebApplication->runController('reserva/admin')
#9 D:\xampp\htdocs\yii\framework\base\CApplication.php(185): CWebApplication->processRequest()
#10 D:\xampp\htdocs\hotel\index.php(13): CApplication->run()
#11 {main}
REQUEST_URI=/hotel/index.php?r=reserva/admin
HTTP_REFERER=http://localhost/hotel/index.php?r=reserva/index
---
2016/04/01 22:39:04 [error] [exception.CHttpException.403] exception 'CHttpException' with message 'Usted no se encuentra autorizado a realizar esta acción.' in D:\xampp\htdocs\yii\framework\web\auth\CAccessControlFilter.php:182
Stack trace:
#0 D:\xampp\htdocs\yii\framework\web\auth\CAccessControlFilter.php(145): CAccessControlFilter->accessDenied(Object(CWebUser), 'Usted no se enc...')
#1 D:\xampp\htdocs\yii\framework\web\filters\CFilter.php(38): CAccessControlFilter->preFilter(Object(CFilterChain))
#2 D:\xampp\htdocs\yii\framework\web\CController.php(1145): CFilter->filter(Object(CFilterChain))
#3 D:\xampp\htdocs\yii\framework\web\filters\CInlineFilter.php(58): CController->filterAccessControl(Object(CFilterChain))
#4 D:\xampp\htdocs\yii\framework\web\filters\CFilterChain.php(130): CInlineFilter->filter(Object(CFilterChain))
#5 D:\xampp\htdocs\yii\framework\web\CController.php(291): CFilterChain->run()
#6 D:\xampp\htdocs\yii\framework\web\CController.php(265): CController->runActionWithFilters(Object(CInlineAction), Array)
#7 D:\xampp\htdocs\yii\framework\web\CWebApplication.php(282): CController->run('admin')
#8 D:\xampp\htdocs\yii\framework\web\CWebApplication.php(141): CWebApplication->runController('huesped/admin')
#9 D:\xampp\htdocs\yii\framework\base\CApplication.php(185): CWebApplication->processRequest()
#10 D:\xampp\htdocs\hotel\index.php(13): CApplication->run()
#11 {main}
REQUEST_URI=/hotel/index.php?r=huesped/admin
HTTP_REFERER=http://localhost/hotel/index.php?r=huesped/create
---
2016/04/01 22:39:22 [error] [exception.CHttpException.403] exception 'CHttpException' with message 'Usted no se encuentra autorizado a realizar esta acción.' in D:\xampp\htdocs\yii\framework\web\auth\CAccessControlFilter.php:182
Stack trace:
#0 D:\xampp\htdocs\yii\framework\web\auth\CAccessControlFilter.php(145): CAccessControlFilter->accessDenied(Object(CWebUser), 'Usted no se enc...')
#1 D:\xampp\htdocs\yii\framework\web\filters\CFilter.php(38): CAccessControlFilter->preFilter(Object(CFilterChain))
#2 D:\xampp\htdocs\yii\framework\web\CController.php(1145): CFilter->filter(Object(CFilterChain))
#3 D:\xampp\htdocs\yii\framework\web\filters\CInlineFilter.php(58): CController->filterAccessControl(Object(CFilterChain))
#4 D:\xampp\htdocs\yii\framework\web\filters\CFilterChain.php(130): CInlineFilter->filter(Object(CFilterChain))
#5 D:\xampp\htdocs\yii\framework\web\CController.php(291): CFilterChain->run()
#6 D:\xampp\htdocs\yii\framework\web\CController.php(265): CController->runActionWithFilters(Object(CInlineAction), Array)
#7 D:\xampp\htdocs\yii\framework\web\CWebApplication.php(282): CController->run('admin')
#8 D:\xampp\htdocs\yii\framework\web\CWebApplication.php(141): CWebApplication->runController('reserva/admin')
#9 D:\xampp\htdocs\yii\framework\base\CApplication.php(185): CWebApplication->processRequest()
#10 D:\xampp\htdocs\hotel\index.php(13): CApplication->run()
#11 {main}
REQUEST_URI=/hotel/index.php?r=reserva/admin
HTTP_REFERER=http://localhost/hotel/index.php?r=reserva/create
---
2016/04/01 22:46:55 [error] [exception.CHttpException.403] exception 'CHttpException' with message 'Usted no se encuentra autorizado a realizar esta acción.' in D:\xampp\htdocs\yii\framework\web\auth\CAccessControlFilter.php:182
Stack trace:
#0 D:\xampp\htdocs\yii\framework\web\auth\CAccessControlFilter.php(145): CAccessControlFilter->accessDenied(Object(CWebUser), 'Usted no se enc...')
#1 D:\xampp\htdocs\yii\framework\web\filters\CFilter.php(38): CAccessControlFilter->preFilter(Object(CFilterChain))
#2 D:\xampp\htdocs\yii\framework\web\CController.php(1145): CFilter->filter(Object(CFilterChain))
#3 D:\xampp\htdocs\yii\framework\web\filters\CInlineFilter.php(58): CController->filterAccessControl(Object(CFilterChain))
#4 D:\xampp\htdocs\yii\framework\web\filters\CFilterChain.php(130): CInlineFilter->filter(Object(CFilterChain))
#5 D:\xampp\htdocs\yii\framework\web\CController.php(291): CFilterChain->run()
#6 D:\xampp\htdocs\yii\framework\web\CController.php(265): CController->runActionWithFilters(Object(CInlineAction), Array)
#7 D:\xampp\htdocs\yii\framework\web\CWebApplication.php(282): CController->run('admin')
#8 D:\xampp\htdocs\yii\framework\web\CWebApplication.php(141): CWebApplication->runController('reserva/admin')
#9 D:\xampp\htdocs\yii\framework\base\CApplication.php(185): CWebApplication->processRequest()
#10 D:\xampp\htdocs\hotel\index.php(13): CApplication->run()
#11 {main}
REQUEST_URI=/hotel/index.php?r=reserva/admin
HTTP_REFERER=http://localhost/hotel/index.php?r=huesped/admin
---
2016/04/01 22:53:22 [error] [php] Use of undefined constant ASSETS_URL - assumed 'ASSETS_URL' (D:\xampp\htdocs\hotel\themes\winglobal\views\site\login.php:30)
Stack trace:
#0 D:\xampp\htdocs\yii\framework\web\CController.php(869): SiteController->renderFile()
#1 D:\xampp\htdocs\yii\framework\web\CController.php(782): SiteController->renderPartial()
#2 D:\xampp\htdocs\hotel\protected\controllers\SiteController.php(98): SiteController->render()
#3 D:\xampp\htdocs\yii\framework\web\actions\CInlineAction.php(49): SiteController->actionLogin()
#4 D:\xampp\htdocs\yii\framework\web\CController.php(308): CInlineAction->runWithParams()
#5 D:\xampp\htdocs\yii\framework\web\CController.php(286): SiteController->runAction()
#6 D:\xampp\htdocs\yii\framework\web\CController.php(265): SiteController->runActionWithFilters()
#7 D:\xampp\htdocs\yii\framework\web\CWebApplication.php(282): SiteController->run()
#8 D:\xampp\htdocs\yii\framework\web\CWebApplication.php(141): CWebApplication->runController()
#9 D:\xampp\htdocs\yii\framework\base\CApplication.php(185): CWebApplication->processRequest()
#10 D:\xampp\htdocs\hotel\index.php(13): CWebApplication->run()
REQUEST_URI=/hotel/index.php
in D:\xampp\htdocs\hotel\themes\winglobal\views\site\login.php (30)
in D:\xampp\htdocs\hotel\protected\controllers\SiteController.php (98)
in D:\xampp\htdocs\hotel\index.php (13)
2016/04/01 22:53:45 [error] [php] Use of undefined constant APP_URL - assumed 'APP_URL' (D:\xampp\htdocs\hotel\themes\winglobal\views\site\login.php:52)
Stack trace:
#0 D:\xampp\htdocs\yii\framework\web\CController.php(869): SiteController->renderFile()
#1 D:\xampp\htdocs\yii\framework\web\CController.php(782): SiteController->renderPartial()
#2 D:\xampp\htdocs\hotel\protected\controllers\SiteController.php(98): SiteController->render()
#3 D:\xampp\htdocs\yii\framework\web\actions\CInlineAction.php(49): SiteController->actionLogin()
#4 D:\xampp\htdocs\yii\framework\web\CController.php(308): CInlineAction->runWithParams()
#5 D:\xampp\htdocs\yii\framework\web\CController.php(286): SiteController->runAction()
#6 D:\xampp\htdocs\yii\framework\web\CController.php(265): SiteController->runActionWithFilters()
#7 D:\xampp\htdocs\yii\framework\web\CWebApplication.php(282): SiteController->run()
#8 D:\xampp\htdocs\yii\framework\web\CWebApplication.php(141): CWebApplication->runController()
#9 D:\xampp\htdocs\yii\framework\base\CApplication.php(185): CWebApplication->processRequest()
#10 D:\xampp\htdocs\hotel\index.php(13): CWebApplication->run()
REQUEST_URI=/hotel/index.php
in D:\xampp\htdocs\hotel\themes\winglobal\views\site\login.php (52)
in D:\xampp\htdocs\hotel\protected\controllers\SiteController.php (98)
in D:\xampp\htdocs\hotel\index.php (13)
2016/04/02 06:37:36 [error] [system.db.CDbCommand] CDbCommand::fetchAll() falló: SQLSTATE[42S22]: Column not found: 1054 Unknown column 'nombre' in 'field list'. La sentencia SQL ejecutada fue: SELECT id, nombre FROM `habitacion` `t` WHERE 1 ORDER BY nombre.
in C:\xampp\htdocs\hotel\protected\components\Utilidades.php (23)
in C:\xampp\htdocs\hotel\protected\views\reserva\_form.php (43)
in C:\xampp\htdocs\hotel\protected\views\reserva\create.php (18)
2016/04/02 06:37:36 [error] [exception.CDbException] exception 'CDbException' with message 'CDbCommand falló al ejecutar la sentencia SQL: SQLSTATE[42S22]: Column not found: 1054 Unknown column 'nombre' in 'field list'. The SQL statement executed was: SELECT id, nombre FROM `habitacion` `t` WHERE 1 ORDER BY nombre' in C:\xampp\htdocs\yii\framework\db\CDbCommand.php:543
Stack trace:
#0 C:\xampp\htdocs\yii\framework\db\CDbCommand.php(396): CDbCommand->queryInternal('fetchAll', Array, Array)
#1 C:\xampp\htdocs\yii\framework\db\ar\CActiveRecord.php(1356): CDbCommand->queryAll()
#2 C:\xampp\htdocs\yii\framework\db\ar\CActiveRecord.php(1475): CActiveRecord->query(Object(CDbCriteria), true)
#3 C:\xampp\htdocs\hotel\protected\components\Utilidades.php(23): CActiveRecord->findAll(Object(CDbCriteria))
#4 C:\xampp\htdocs\hotel\protected\views\reserva\_form.php(43): Utilidades::traer(Object(Habitacion), 'id', 'nombre', '...')
#5 C:\xampp\htdocs\yii\framework\web\CBaseController.php(126): require('C:\\xampp\\htdocs...')
#6 C:\xampp\htdocs\yii\framework\web\CBaseController.php(95): CBaseController->renderInternal('C:\\xampp\\htdocs...', Array, true)
#7 C:\xampp\htdocs\yii\framework\web\CController.php(869): CBaseController->renderFile('C:\\xampp\\htdocs...', Array, true)
#8 C:\xampp\htdocs\hotel\protected\views\reserva\create.php(18): CController->renderPartial('_form', Array)
#9 C:\xampp\htdocs\yii\framework\web\CBaseController.php(126): require('C:\\xampp\\htdocs...')
#10 C:\xampp\htdocs\yii\framework\web\CBaseController.php(95): CBaseController->renderInternal('C:\\xampp\\htdocs...', Array, true)
#11 C:\xampp\htdocs\yii\framework\web\CController.php(869): CBaseController->renderFile('C:\\xampp\\htdocs...', Array, true)
#12 C:\xampp\htdocs\yii\framework\web\CController.php(782): CController->renderPartial('create', Array, true)
#13 C:\xampp\htdocs\hotel\protected\controllers\ReservaController.php(80): CController->render('create', Array)
#14 C:\xampp\htdocs\yii\framework\web\actions\CInlineAction.php(49): ReservaController->actionCreate()
#15 C:\xampp\htdocs\yii\framework\web\CController.php(308): CInlineAction->runWithParams(Array)
#16 C:\xampp\htdocs\yii\framework\web\filters\CFilterChain.php(133): CController->runAction(Object(CInlineAction))
#17 C:\xampp\htdocs\yii\framework\web\filters\CFilter.php(40): CFilterChain->run()
#18 C:\xampp\htdocs\yii\framework\web\CController.php(1145): CFilter->filter(Object(CFilterChain))
#19 C:\xampp\htdocs\yii\framework\web\filters\CInlineFilter.php(58): CController->filterAccessControl(Object(CFilterChain))
#20 C:\xampp\htdocs\yii\framework\web\filters\CFilterChain.php(130): CInlineFilter->filter(Object(CFilterChain))
#21 C:\xampp\htdocs\yii\framework\web\CController.php(291): CFilterChain->run()
#22 C:\xampp\htdocs\yii\framework\web\CController.php(265): CController->runActionWithFilters(Object(CInlineAction), Array)
#23 C:\xampp\htdocs\yii\framework\web\CWebApplication.php(282): CController->run('create')
#24 C:\xampp\htdocs\yii\framework\web\CWebApplication.php(141): CWebApplication->runController('reserva/create')
#25 C:\xampp\htdocs\yii\framework\base\CApplication.php(185): CWebApplication->processRequest()
#26 C:\xampp\htdocs\hotel\index.php(13): CApplication->run()
#27 {main}
REQUEST_URI=/hotel/index.php?r=reserva/create
HTTP_REFERER=http://localhost/hotel/index.php?r=reserva/
---
2016/04/04 21:03:08 [error] [exception.CException] exception 'CException' with message 'El alias "application.extensions.cjuiDateTimePicker.CJuiDateTimePicker" es inválido. Asegúrese de que apunta a un archivo PHP existente y que el archivo tiene permisos de lectura.' in D:\xampp\htdocs\yii\framework\YiiBase.php:323
Stack trace:
#0 D:\xampp\htdocs\yii\framework\web\CWidgetFactory.php(146): YiiBase::import('application.ext...', true)
#1 D:\xampp\htdocs\yii\framework\web\CBaseController.php(146): CWidgetFactory->createWidget(Object(ReservaController), 'application.ext...', Array)
#2 D:\xampp\htdocs\yii\framework\web\CBaseController.php(180): CBaseController->createWidget('application.ext...', Array)
#3 D:\xampp\htdocs\hotel\protected\views\reserva\_form.php(81): CBaseController->widget('application.ext...', Array)
#4 D:\xampp\htdocs\yii\framework\web\CBaseController.php(126): require('D:\\xampp\\htdocs...')
#5 D:\xampp\htdocs\yii\framework\web\CBaseController.php(95): CBaseController->renderInternal('D:\\xampp\\htdocs...', Array, true)
#6 D:\xampp\htdocs\yii\framework\web\CController.php(869): CBaseController->renderFile('D:\\xampp\\htdocs...', Array, true)
#7 D:\xampp\htdocs\hotel\protected\views\reserva\create.php(18): CController->renderPartial('_form', Array)
#8 D:\xampp\htdocs\yii\framework\web\CBaseController.php(126): require('D:\\xampp\\htdocs...')
#9 D:\xampp\htdocs\yii\framework\web\CBaseController.php(95): CBaseController->renderInternal('D:\\xampp\\htdocs...', Array, true)
#10 D:\xampp\htdocs\yii\framework\web\CController.php(869): CBaseController->renderFile('D:\\xampp\\htdocs...', Array, true)
#11 D:\xampp\htdocs\yii\framework\web\CController.php(782): CController->renderPartial('create', Array, true)
#12 D:\xampp\htdocs\hotel\protected\controllers\ReservaController.php(80): CController->render('create', Array)
#13 D:\xampp\htdocs\yii\framework\web\actions\CInlineAction.php(49): ReservaController->actionCreate()
#14 D:\xampp\htdocs\yii\framework\web\CController.php(308): CInlineAction->runWithParams(Array)
#15 D:\xampp\htdocs\yii\framework\web\filters\CFilterChain.php(133): CController->runAction(Object(CInlineAction))
#16 D:\xampp\htdocs\yii\framework\web\filters\CFilter.php(40): CFilterChain->run()
#17 D:\xampp\htdocs\yii\framework\web\CController.php(1145): CFilter->filter(Object(CFilterChain))
#18 D:\xampp\htdocs\yii\framework\web\filters\CInlineFilter.php(58): CController->filterAccessControl(Object(CFilterChain))
#19 D:\xampp\htdocs\yii\framework\web\filters\CFilterChain.php(130): CInlineFilter->filter(Object(CFilterChain))
#20 D:\xampp\htdocs\yii\framework\web\CController.php(291): CFilterChain->run()
#21 D:\xampp\htdocs\yii\framework\web\CController.php(265): CController->runActionWithFilters(Object(CInlineAction), Array)
#22 D:\xampp\htdocs\yii\framework\web\CWebApplication.php(282): CController->run('create')
#23 D:\xampp\htdocs\yii\framework\web\CWebApplication.php(141): CWebApplication->runController('reserva/create')
#24 D:\xampp\htdocs\yii\framework\base\CApplication.php(185): CWebApplication->processRequest()
#25 D:\xampp\htdocs\hotel\index.php(13): CApplication->run()
#26 {main}
REQUEST_URI=/hotel/index.php?r=reserva/create
HTTP_REFERER=http://localhost/hotel/index.php?r=reserva/index
---
